:: loading settings :: url = jar:file:/C:/DSAI/4th_sem/BDA/BigData_SocialGraph/venv/Lib/site-packages/pyspark/jars/ivy-2.5.1.jar!/org/apache/ivy/core/settings/ivysettings.xml
=======================================================
  BDA Social Graph -- Dynamic GraphFrames Analytics
=======================================================

  Dataset:  Facebook Combined
  File:     facebook_combined.txt.gz
  Size:     0.2 MB
  Spark:    v3.5.1

-------------------------------------------------------
  LOADING GRAPH FROM SNAP DATASET...
-------------------------------------------------------

  [OK] Graph loaded successfully!
    Nodes: 4,039
    Edges: 88,234 (undirected)

=======================================================
  MODULE 1: PAGERANK -- Influence Maximization
=======================================================

  Top 10 Most Influential Nodes:
+----+------------------+
|id  |pagerank          |
+----+------------------+
|3437|31.36397191128387 |
|107 |28.909192017029888|
|1684|26.53676570912984 |
|0   |26.3720435746317  |
|1912|16.324520169360095|
|348 |9.861690955935686 |
|3980|9.085872441714978 |
|686 |9.084883409564803 |
|414 |7.433145682136299 |
|698 |5.569682146753428 |
+----+------------------+
only showing top 10 rows


=======================================================
  MODULE 2: LABEL PROPAGATION -- Community Detection
=======================================================

  Total Communities Detected: 89

  Top 10 Largest Communities:
+-----+-----+
|label|count|
+-----+-----+
|1205 |473  |
|559  |312  |
|2344 |295  |
|3277 |281  |
|3026 |242  |
|2353 |237  |
|200  |227  |
|774  |154  |
|1070 |151  |
|3672 |111  |
+-----+-----+
only showing top 10 rows


=======================================================
  MODULE 3: TRIANGLE COUNT -- Clustering Coefficient
=======================================================

  Total Unique Triangles: 1,612,010

  Top 10 Nodes by Triangle Participation:
+-----+----+
|count|id  |
+-----+----+
|30025|1912|
|26750|107 |
|16863|2347|
|16174|2266|
|15844|2206|
|15502|2543|
|15471|2233|
|15213|2464|
|15165|2142|
|15165|2218|
+-----+----+
only showing top 10 rows


=======================================================
  MODULE 4: CONNECTED COMPONENTS -- Connectivity
=======================================================

  Total Connected Components: 1
  Largest Component Size:     4,039 / 4,039 (100.0%)

  Top 5 Components:
+---------+-----+
|component|count|
+---------+-----+
|0        |4039 |
+---------+-----+


=======================================================
  MODULE 5: DEGREE ANALYSIS -- Connectivity Distribution
=======================================================

  Average Degree:  87.38
  Max Degree:      2090
  Min Degree:      2
  Std Dev:         104.84

  Top 10 Most Connected Nodes:
+----+------+
|id  |degree|
+----+------+
|107 |2090  |
|1684|1584  |
|1912|1510  |
|3437|1094  |
|0   |694   |
|2543|588   |
|2347|582   |
|1888|508   |
|1800|490   |
|1663|470   |
+----+------+
only showing top 10 rows

  Degree Distribution (top 15 bins):
+------+-----+
|degree|count|
+------+-----+
|16    |111  |
|30    |106  |
|18    |100  |
|8     |99   |
|12    |98   |
|14    |98   |
|4     |98   |
|20    |95   |
|6     |93   |
|10    |93   |
|28    |87   |
|32    |82   |
|24    |82   |
|22    |81   |
|26    |79   |
+------+-----+
only showing top 15 rows


=======================================================
  MODULE 6: SHORTEST PATHS -- Reachability Analysis
=======================================================
  Landmark Nodes: [107, 1684, 1912]

  Shortest Path Distances (sample of 10 nodes):
+----+--------------------------------+
|id  |distances                       |
+----+--------------------------------+
|384 |{107 -> 2, 1912 -> 3, 1684 -> 3}|
|1084|{107 -> 1, 1912 -> 3, 1684 -> 2}|
|3558|{107 -> 3, 1912 -> 4, 1684 -> 4}|
|3702|{107 -> 3, 1912 -> 4, 1684 -> 4}|
|3007|{107 -> 2, 1912 -> 3, 1684 -> 1}|
|667 |{107 -> 2, 1912 -> 2, 1684 -> 3}|
|1053|{107 -> 1, 1912 -> 3, 1684 -> 2}|
|1894|{107 -> 1, 1912 -> 3, 1684 -> 2}|
|2493|{107 -> 3, 1912 -> 1, 1684 -> 3}|
|1325|{107 -> 1, 1912 -> 3, 1684 -> 2}|
+----+--------------------------------+
only showing top 10 rows


=======================================================
  EXPORTING RESULTS TO CSV
=======================================================
  [OK] PageRank Top 100       -> C:\DSAI\4th_sem\BDA\BigData_SocialGraph\GraphFrames\outputs\graph_analytics\pagerank_top100
  [OK] Community Assignments  -> C:\DSAI\4th_sem\BDA\BigData_SocialGraph\GraphFrames\outputs\graph_analytics\community_assignments
  [OK] Triangle Counts Top100 -> C:\DSAI\4th_sem\BDA\BigData_SocialGraph\GraphFrames\outputs\graph_analytics\triangle_counts
  [OK] Connected Components   -> C:\DSAI\4th_sem\BDA\BigData_SocialGraph\GraphFrames\outputs\graph_analytics\connected_components
  [OK] Degree Distribution    -> C:\DSAI\4th_sem\BDA\BigData_SocialGraph\GraphFrames\outputs\graph_analytics\degree_distribution

  All outputs saved under: C:\DSAI\4th_sem\BDA\BigData_SocialGraph\GraphFrames\outputs\graph_analytics
  [OK] Benchmark Timings      -> C:\DSAI\4th_sem\BDA\BigData_SocialGraph\GraphFrames\outputs\graph_analytics\benchmark_timings.csv
  [OK] Graph Summary          -> C:\DSAI\4th_sem\BDA\BigData_SocialGraph\GraphFrames\outputs\graph_analytics\graph_summary.csv

=======================================================
                  ANALYSIS COMPLETE
=======================================================
  Dataset:              Facebook Combined
  Nodes:                4,039
  Edges:                88,234
  Communities (LPA):    89
  Connected Components: 1
  Total Triangles:      1,612,010
  Max Degree:           2090
  Average Degree:       87.38

  Per-Algorithm Timings:
  ---------------------------------------------
    Graph Loading                 7.33 s
    PageRank                      8.45 s
    Label Propagation            12.88 s
    Triangle Count                4.90 s
    Connected Components         11.01 s
    Degree Analysis               2.22 s
    Shortest Paths                2.87 s
    TOTAL                        67.35 s
  ---------------------------------------------

  Spark session stopped cleanly.
SUCCESS: The process with PID 8196 (child process of PID 14036) has been terminated.
SUCCESS: The process with PID 14036 (child process of PID 21356) has been terminated.
SUCCESS: The process with PID 21356 (child process of PID 4224) has been terminated.
