WARNING: Using incubator modules: jdk.incubator.vector
Using Spark's default log4j profile: org/apache/spark/log4j2-defaults.properties
Setting default log level to "WARN".
To adjust logging level use sc.setLogLevel(newLevel). For SparkR, use setLogLevel(newLevel).
Welcome to
      ____              __
     / __/__  ___ _____/ /__
    _\ \/ _ \/ _ `/ __/  '_/
   /___/ .__/\_,_/_/ /_/\_\   version 4.0.1
      /_/
         
Using Scala version 2.13.16 (Java HotSpot(TM) 64-Bit Server VM, Java 17.0.16)
Type in expressions to have them evaluated.
Type :help for more information.
26/03/28 23:41:27 WARN jline: Unable to create a system terminal, creating a dumb terminal (enable debug logging for more information)
Spark context Web UI available at http://Ullas2004:4040
Spark context available as 'sc' (master = local[*], app id = local-1774721496601).
Spark session available as 'spark'.

scala> import org.apache.spark.graphx._

scala> import org.apache.spark.rdd.RDD

scala> import org.apache.spark.sql.SparkSession

scala> import org.apache.spark.graphx.lib._

scala> import java.io.{File, PrintWriter}

scala> 
scala> warning: 1 deprecation (since 2.13.3); for details, enable `:setting -deprecation` or `:replay -deprecation`
object GraphXAnalytics

scala> 
scala> 
scala> 26/03/28 23:41:45 WARN SparkSession: Using an existing Spark session; only runtime SQL configurations will take effect.
  [Config] Reading dataset from .dataset_config: data_lake/facebook_combined.txt.gz
============================================================
  BDA Social Graph -- Native GraphX (Scala) Deep Analytics
  Dataset: facebook combined (data_lake/facebook_combined.txt.gz)
============================================================

[PHASE 1] LOADING GRAPH FROM SNAP DATASET...
26/03/28 23:41:46 WARN ZlibFactory: Failed to load/initialize native-zlib library

[Stage 0:>                                                          (0 + 1) / 1]

[Stage 1:>                                                          (0 + 1) / 1]

                                                                                
  [OK] Graph loaded in 4.483 s
    Nodes: 4,039
    Edges: 88,234 (undirected)

============================================================
  MODULE 1: PAGERANK -- Influence Maximization
============================================================

[Stage 296:>                                                        (0 + 1) / 1]

[Stage 297:>                                                        (0 + 1) / 1]

                                                                                
  [OK] PageRank completed in 10.008 s
  Top 10 Influential Nodes:
     1. Node  3437  Score=30.580487
     2. Node   107  Score=27.805363
     3. Node  1684  Score=25.468964
     4. Node     0  Score=25.128389
     5. Node  1912  Score=15.407481
     6. Node   348  Score=9.354778
     7. Node   686  Score=8.949902
     8. Node  3980  Score=8.707127
     9. Node   414  Score=7.194199
    10. Node   483  Score=5.226306

============================================================
  MODULE 2: LABEL PROPAGATION -- Community Detection
============================================================
26/03/28 23:42:00 WARN BlockManager: Block rdd_840_0 already exists on this machine; not re-adding it

[Stage 4527:>                                                       (0 + 1) / 1]

                                                                                

[Stage 4536:>                                                       (0 + 1) / 1]

                                                                                
  [OK] LPA completed in 10.002 s
  Total Communities: 70
  Largest 5 communities: 450, 373, 327, 252, 244
  Communities with >10 nodes: 43
  Singleton communities: 2

============================================================
  MODULE 3: TRIANGLE COUNT -- Clustering Coefficient
============================================================
26/03/28 23:42:12 WARN ShippableVertexPartitionOps: Joining two VertexPartitions with different indexes is slow.
  [OK] Triangle Count completed in 1.833 s
  Total Triangles: 1,612,010
  Connected Triples: 37,435,864
  Global Clustering Coefficient: 0.129182
  Average Local Clustering Coefficient: 0.143682

============================================================
  MODULE 4: CONNECTED COMPONENTS -- Connectivity
============================================================
  [OK] Connected Components completed in 0.662 s
  Total Components: 1
  Largest component: 4039 nodes

============================================================
  MODULE 5: DEGREE ANALYSIS -- Network Structure
============================================================
  [OK] Degree Analysis completed in 0.237 s
  Graph Density: 0.010820
  Max Degree: 2090
  Min Degree: 2
  Avg Degree: 87.38
  Std Deviation: 104.83
  Top 10 Hub Nodes:
     1. Node   107  Degree=2090
     2. Node  1684  Degree=1584
     3. Node  1912  Degree=1510
     4. Node  3437  Degree=1094
     5. Node     0  Degree=694
     6. Node  2543  Degree=588
     7. Node  2347  Degree=582
     8. Node  1888  Degree=508
     9. Node  1800  Degree=490
    10. Node  1663  Degree=470

============================================================
  MODULE 6: SHORTEST PATHS -- Reachability
============================================================
  Landmarks: 3437, 107
  [OK] Shortest Paths completed in 0.756 s
  Estimated Diameter (from landmarks): 5
  Average Path Length (from landmarks): 2.68

============================================================
               GRAPHX DEEP ANALYTICS - SUMMARY
============================================================
  Nodes:                    4,039
  Edges:                    88,234
  Density:                  0.010820
  Triangles:                1,612,010
  Global Clustering Coeff:  0.129182
  Avg Local Clustering:     0.143682
  Communities (LPA):        70
  Connected Components:     1
  Max Degree:               2090
  Avg Degree:               87.38
  Estimated Diameter:       5
  Avg Path Length:          2.68

  Per-Algorithm Timings:
  ---------------------------------------------
    Graph Loading                 4.48 s
    PageRank                     10.01 s
    Label Propagation            10.00 s
    Triangle Count                1.83 s
    Connected Components          0.66 s
    Degree Analysis               0.24 s
    Shortest Paths                0.76 s
    TOTAL                        28.29 s
  ---------------------------------------------
    TOTAL EXECUTION TIME:       28.29 s

  All outputs saved to: GraphX/outputs/
  Files: pagerank_top100.csv, community_assignment.csv,
         community_sizes.csv, degree_distribution.csv,
         top_hubs.csv, benchmark_timings.csv, graph_summary.csv

  GraphX Deep Analytics Complete.

scala> 
scala> 