Ivy Default Cache set to: C:\Users\um200\.ivy2\cache
The jars for the packages stored in: C:\Users\um200\.ivy2\jars
graphframes#graphframes added as a dependency
:: resolving dependencies :: org.apache.spark#spark-submit-parent-1aec51f0-5636-45da-8699-9182855c9314;1.0
	confs: [default]
	found graphframes#graphframes;0.8.3-spark3.5-s_2.12 in spark-packages
	found org.slf4j#slf4j-api;1.7.16 in central
:: resolution report :: resolve 136ms :: artifacts dl 10ms
	:: modules in use:
	graphframes#graphframes;0.8.3-spark3.5-s_2.12 from spark-packages in [default]
	org.slf4j#slf4j-api;1.7.16 from central in [default]
	---------------------------------------------------------------------
	|                  |            modules            ||   artifacts   |
	|       conf       | number| search|dwnlded|evicted|| number|dwnlded|
	---------------------------------------------------------------------
	|      default     |   2   |   0   |   0   |   0   ||   2   |   0   |
	---------------------------------------------------------------------
:: retrieving :: org.apache.spark#spark-submit-parent-1aec51f0-5636-45da-8699-9182855c9314
	confs: [default]
	0 artifacts copied, 2 already retrieved (0kB/4ms)
Setting default log level to "WARN".
To adjust logging level use sc.setLogLevel(newLevel). For SparkR, use setLogLevel(newLevel).
C:\DSAI\4th_sem\BDA\BigData_SocialGraph\venv\Lib\site-packages\pyspark\sql\dataframe.py:168: UserWarning: DataFrame.sql_ctx is an internal property, and will be removed in future releases. Use DataFrame.sparkSession instead.
  warnings.warn(
26/03/25 23:11:19 WARN ZlibFactory: Failed to load/initialize native-zlib library

[Stage 0:>                                                          (0 + 2) / 2]

                                                                                
C:\DSAI\4th_sem\BDA\BigData_SocialGraph\venv\Lib\site-packages\pyspark\sql\dataframe.py:147: UserWarning: DataFrame constructor is internal. Do not directly use it.
  warnings.warn("DataFrame constructor is internal. Do not directly use it.")
Exception ignored in: <_io.BufferedRWPair object at 0x0000013930A45880>
Traceback (most recent call last):
  File "C:\Users\um200\AppData\Local\Programs\Python\Python313\Lib\socket.py", line 737, in write
OSError: [WinError 10038] An operation was attempted on something that is not a socket
26/03/25 23:11:27 ERROR Executor: Exception in task 5.0 in stage 30.0 (TID 27)
org.apache.spark.SparkException: Python worker exited unexpectedly (crashed)
	at org.apache.spark.api.python.BasePythonRunner$ReaderIterator$$anonfun$1.applyOrElse(PythonRunner.scala:612)
	at org.apache.spark.api.python.BasePythonRunner$ReaderIterator$$anonfun$1.applyOrElse(PythonRunner.scala:594)
	at scala.runtime.AbstractPartialFunction.apply(AbstractPartialFunction.scala:38)
	at org.apache.spark.api.python.PythonRunner$$anon$3.read(PythonRunner.scala:789)
	at org.apache.spark.api.python.PythonRunner$$anon$3.read(PythonRunner.scala:766)
	at org.apache.spark.api.python.BasePythonRunner$ReaderIterator.hasNext(PythonRunner.scala:525)
	at org.apache.spark.InterruptibleIterator.hasNext(InterruptibleIterator.scala:37)
	at scala.collection.Iterator$$anon$11.hasNext(Iterator.scala:491)
	at scala.collection.Iterator$$anon$10.hasNext(Iterator.scala:460)
	at scala.collection.Iterator$$anon$10.hasNext(Iterator.scala:460)
	at org.apache.spark.sql.catalyst.expressions.GeneratedClass$GeneratedIteratorForCodegenStage1.processNext(Unknown Source)
	at org.apache.spark.sql.execution.BufferedRowIterator.hasNext(BufferedRowIterator.java:43)
	at org.apache.spark.sql.execution.WholeStageCodegenEvaluatorFactory$WholeStageCodegenPartitionEvaluator$$anon$1.hasNext(WholeStageCodegenEvaluatorFactory.scala:43)
	at scala.collection.Iterator$$anon$10.hasNext(Iterator.scala:460)
	at scala.collection.Iterator.isEmpty(Iterator.scala:387)
	at scala.collection.Iterator.isEmpty$(Iterator.scala:387)
	at scala.collection.AbstractIterator.isEmpty(Iterator.scala:1431)
	at scala.collection.TraversableOnce.nonEmpty(TraversableOnce.scala:143)
	at scala.collection.TraversableOnce.nonEmpty$(TraversableOnce.scala:143)
	at scala.collection.AbstractIterator.nonEmpty(Iterator.scala:1431)
	at org.apache.spark.rdd.RDD.$anonfun$takeOrdered$2(RDD.scala:1559)
	at org.apache.spark.rdd.RDD.$anonfun$takeOrdered$2$adapted(RDD.scala:1558)
	at org.apache.spark.rdd.RDD.$anonfun$mapPartitionsWithIndex$2(RDD.scala:910)
	at org.apache.spark.rdd.RDD.$anonfun$mapPartitionsWithIndex$2$adapted(RDD.scala:910)
	at org.apache.spark.rdd.MapPartitionsRDD.compute(MapPartitionsRDD.scala:52)
	at org.apache.spark.rdd.RDD.computeOrReadCheckpoint(RDD.scala:367)
	at org.apache.spark.rdd.RDD.iterator(RDD.scala:331)
	at org.apache.spark.scheduler.ResultTask.runTask(ResultTask.scala:93)
	at org.apache.spark.TaskContext.runTaskWithListeners(TaskContext.scala:166)
	at org.apache.spark.scheduler.Task.run(Task.scala:141)
	at org.apache.spark.executor.Executor$TaskRunner.$anonfun$run$4(Executor.scala:620)
	at org.apache.spark.util.SparkErrorUtils.tryWithSafeFinally(SparkErrorUtils.scala:64)
	at org.apache.spark.util.SparkErrorUtils.tryWithSafeFinally$(SparkErrorUtils.scala:61)
	at org.apache.spark.util.Utils$.tryWithSafeFinally(Utils.scala:94)
	at org.apache.spark.executor.Executor$TaskRunner.run(Executor.scala:623)
	at java.base/java.util.concurrent.ThreadPoolExecutor.runWorker(ThreadPoolExecutor.java:1136)
	at java.base/java.util.concurrent.ThreadPoolExecutor$Worker.run(ThreadPoolExecutor.java:635)
	at java.base/java.lang.Thread.run(Thread.java:842)
Caused by: java.io.EOFException
	at java.base/java.io.DataInputStream.readInt(DataInputStream.java:398)
	at org.apache.spark.api.python.PythonRunner$$anon$3.read(PythonRunner.scala:774)
	... 34 more
26/03/25 23:11:27 WARN TaskSetManager: Lost task 5.0 in stage 30.0 (TID 27) (Ullas2004 executor driver): org.apache.spark.SparkException: Python worker exited unexpectedly (crashed)
	at org.apache.spark.api.python.BasePythonRunner$ReaderIterator$$anonfun$1.applyOrElse(PythonRunner.scala:612)
	at org.apache.spark.api.python.BasePythonRunner$ReaderIterator$$anonfun$1.applyOrElse(PythonRunner.scala:594)
	at scala.runtime.AbstractPartialFunction.apply(AbstractPartialFunction.scala:38)
	at org.apache.spark.api.python.PythonRunner$$anon$3.read(PythonRunner.scala:789)
	at org.apache.spark.api.python.PythonRunner$$anon$3.read(PythonRunner.scala:766)
	at org.apache.spark.api.python.BasePythonRunner$ReaderIterator.hasNext(PythonRunner.scala:525)
	at org.apache.spark.InterruptibleIterator.hasNext(InterruptibleIterator.scala:37)
	at scala.collection.Iterator$$anon$11.hasNext(Iterator.scala:491)
	at scala.collection.Iterator$$anon$10.hasNext(Iterator.scala:460)
	at scala.collection.Iterator$$anon$10.hasNext(Iterator.scala:460)
	at org.apache.spark.sql.catalyst.expressions.GeneratedClass$GeneratedIteratorForCodegenStage1.processNext(Unknown Source)
	at org.apache.spark.sql.execution.BufferedRowIterator.hasNext(BufferedRowIterator.java:43)
	at org.apache.spark.sql.execution.WholeStageCodegenEvaluatorFactory$WholeStageCodegenPartitionEvaluator$$anon$1.hasNext(WholeStageCodegenEvaluatorFactory.scala:43)
	at scala.collection.Iterator$$anon$10.hasNext(Iterator.scala:460)
	at scala.collection.Iterator.isEmpty(Iterator.scala:387)
	at scala.collection.Iterator.isEmpty$(Iterator.scala:387)
	at scala.collection.AbstractIterator.isEmpty(Iterator.scala:1431)
	at scala.collection.TraversableOnce.nonEmpty(TraversableOnce.scala:143)
	at scala.collection.TraversableOnce.nonEmpty$(TraversableOnce.scala:143)
	at scala.collection.AbstractIterator.nonEmpty(Iterator.scala:1431)
	at org.apache.spark.rdd.RDD.$anonfun$takeOrdered$2(RDD.scala:1559)
	at org.apache.spark.rdd.RDD.$anonfun$takeOrdered$2$adapted(RDD.scala:1558)
	at org.apache.spark.rdd.RDD.$anonfun$mapPartitionsWithIndex$2(RDD.scala:910)
	at org.apache.spark.rdd.RDD.$anonfun$mapPartitionsWithIndex$2$adapted(RDD.scala:910)
	at org.apache.spark.rdd.MapPartitionsRDD.compute(MapPartitionsRDD.scala:52)
	at org.apache.spark.rdd.RDD.computeOrReadCheckpoint(RDD.scala:367)
	at org.apache.spark.rdd.RDD.iterator(RDD.scala:331)
	at org.apache.spark.scheduler.ResultTask.runTask(ResultTask.scala:93)
	at org.apache.spark.TaskContext.runTaskWithListeners(TaskContext.scala:166)
	at org.apache.spark.scheduler.Task.run(Task.scala:141)
	at org.apache.spark.executor.Executor$TaskRunner.$anonfun$run$4(Executor.scala:620)
	at org.apache.spark.util.SparkErrorUtils.tryWithSafeFinally(SparkErrorUtils.scala:64)
	at org.apache.spark.util.SparkErrorUtils.tryWithSafeFinally$(SparkErrorUtils.scala:61)
	at org.apache.spark.util.Utils$.tryWithSafeFinally(Utils.scala:94)
	at org.apache.spark.executor.Executor$TaskRunner.run(Executor.scala:623)
	at java.base/java.util.concurrent.ThreadPoolExecutor.runWorker(ThreadPoolExecutor.java:1136)
	at java.base/java.util.concurrent.ThreadPoolExecutor$Worker.run(ThreadPoolExecutor.java:635)
	at java.base/java.lang.Thread.run(Thread.java:842)
Caused by: java.io.EOFException
	at java.base/java.io.DataInputStream.readInt(DataInputStream.java:398)
	at org.apache.spark.api.python.PythonRunner$$anon$3.read(PythonRunner.scala:774)
	... 34 more

26/03/25 23:11:27 ERROR TaskSetManager: Task 5 in stage 30.0 failed 1 times; aborting job

[Stage 30:>                                                       (0 + 19) / 20]
Traceback (most recent call last):
  File "C:\DSAI\4th_sem\BDA\BigData_SocialGraph\GraphFrames\advanced_centrality.py", line 529, in <module>
    btw_df.show(10)
    ~~~~~~~~~~~^^^^
  File "C:\DSAI\4th_sem\BDA\BigData_SocialGraph\venv\Lib\site-packages\pyspark\sql\dataframe.py", line 945, in show
    print(self._show_string(n, truncate, vertical))
          ~~~~~~~~~~~~~~~~~^^^^^^^^^^^^^^^^^^^^^^^
  File "C:\DSAI\4th_sem\BDA\BigData_SocialGraph\venv\Lib\site-packages\pyspark\sql\dataframe.py", line 963, in _show_string
    return self._jdf.showString(n, 20, vertical)
           ~~~~~~~~~~~~~~~~~~~~^^^^^^^^^^^^^^^^^
  File "C:\DSAI\4th_sem\BDA\BigData_SocialGraph\venv\Lib\site-packages\py4j\java_gateway.py", line 1322, in __call__
    return_value = get_return_value(
        answer, self.gateway_client, self.target_id, self.name)
  File "C:\DSAI\4th_sem\BDA\BigData_SocialGraph\venv\Lib\site-packages\pyspark\errors\exceptions\captured.py", line 179, in deco
    return f(*a, **kw)
  File "C:\DSAI\4th_sem\BDA\BigData_SocialGraph\venv\Lib\site-packages\py4j\protocol.py", line 326, in get_return_value
    raise Py4JJavaError(
        "An error occurred while calling {0}{1}{2}.\n".
        format(target_id, ".", name), value)
py4j.protocol.Py4JJavaError: An error occurred while calling o146.showString.
: org.apache.spark.SparkException: Job aborted due to stage failure: Task 5 in stage 30.0 failed 1 times, most recent failure: Lost task 5.0 in stage 30.0 (TID 27) (Ullas2004 executor driver): org.apache.spark.SparkException: Python worker exited unexpectedly (crashed)

	at org.apache.spark.api.python.BasePythonRunner$ReaderIterator$$anonfun$1.applyOrElse(PythonRunner.scala:612)

	at org.apache.spark.api.python.BasePythonRunner$ReaderIterator$$anonfun$1.applyOrElse(PythonRunner.scala:594)

	at scala.runtime.AbstractPartialFunction.apply(AbstractPartialFunction.scala:38)

	at org.apache.spark.api.python.PythonRunner$$anon$3.read(PythonRunner.scala:789)

	at org.apache.spark.api.python.PythonRunner$$anon$3.read(PythonRunner.scala:766)

	at org.apache.spark.api.python.BasePythonRunner$ReaderIterator.hasNext(PythonRunner.scala:525)

	at org.apache.spark.InterruptibleIterator.hasNext(InterruptibleIterator.scala:37)

	at scala.collection.Iterator$$anon$11.hasNext(Iterator.scala:491)

	at scala.collection.Iterator$$anon$10.hasNext(Iterator.scala:460)

	at scala.collection.Iterator$$anon$10.hasNext(Iterator.scala:460)

	at org.apache.spark.sql.catalyst.expressions.GeneratedClass$GeneratedIteratorForCodegenStage1.processNext(Unknown Source)

	at org.apache.spark.sql.execution.BufferedRowIterator.hasNext(BufferedRowIterator.java:43)

	at org.apache.spark.sql.execution.WholeStageCodegenEvaluatorFactory$WholeStageCodegenPartitionEvaluator$$anon$1.hasNext(WholeStageCodegenEvaluatorFactory.scala:43)

	at scala.collection.Iterator$$anon$10.hasNext(Iterator.scala:460)

	at scala.collection.Iterator.isEmpty(Iterator.scala:387)

	at scala.collection.Iterator.isEmpty$(Iterator.scala:387)

	at scala.collection.AbstractIterator.isEmpty(Iterator.scala:1431)

	at scala.collection.TraversableOnce.nonEmpty(TraversableOnce.scala:143)

	at scala.collection.TraversableOnce.nonEmpty$(TraversableOnce.scala:143)

	at scala.collection.AbstractIterator.nonEmpty(Iterator.scala:1431)

	at org.apache.spark.rdd.RDD.$anonfun$takeOrdered$2(RDD.scala:1559)

	at org.apache.spark.rdd.RDD.$anonfun$takeOrdered$2$adapted(RDD.scala:1558)

	at org.apache.spark.rdd.RDD.$anonfun$mapPartitionsWithIndex$2(RDD.scala:910)

	at org.apache.spark.rdd.RDD.$anonfun$mapPartitionsWithIndex$2$adapted(RDD.scala:910)

	at org.apache.spark.rdd.MapPartitionsRDD.compute(MapPartitionsRDD.scala:52)

	at org.apache.spark.rdd.RDD.computeOrReadCheckpoint(RDD.scala:367)

	at org.apache.spark.rdd.RDD.iterator(RDD.scala:331)

	at org.apache.spark.scheduler.ResultTask.runTask(ResultTask.scala:93)

	at org.apache.spark.TaskContext.runTaskWithListeners(TaskContext.scala:166)

	at org.apache.spark.scheduler.Task.run(Task.scala:141)

	at org.apache.spark.executor.Executor$TaskRunner.$anonfun$run$4(Executor.scala:620)

	at org.apache.spark.util.SparkErrorUtils.tryWithSafeFinally(SparkErrorUtils.scala:64)

	at org.apache.spark.util.SparkErrorUtils.tryWithSafeFinally$(SparkErrorUtils.scala:61)

	at org.apache.spark.util.Utils$.tryWithSafeFinally(Utils.scala:94)

	at org.apache.spark.executor.Executor$TaskRunner.run(Executor.scala:623)

	at java.base/java.util.concurrent.ThreadPoolExecutor.runWorker(ThreadPoolExecutor.java:1136)

	at java.base/java.util.concurrent.ThreadPoolExecutor$Worker.run(ThreadPoolExecutor.java:635)

	at java.base/java.lang.Thread.run(Thread.java:842)

Caused by: java.io.EOFException

	at java.base/java.io.DataInputStream.readInt(DataInputStream.java:398)

	at org.apache.spark.api.python.PythonRunner$$anon$3.read(PythonRunner.scala:774)

	... 34 more


Driver stacktrace:

	at org.apache.spark.scheduler.DAGScheduler.failJobAndIndependentStages(DAGScheduler.scala:2856)

	at org.apache.spark.scheduler.DAGScheduler.$anonfun$abortStage$2(DAGScheduler.scala:2792)

	at org.apache.spark.scheduler.DAGScheduler.$anonfun$abortStage$2$adapted(DAGScheduler.scala:2791)

	at scala.collection.mutable.ResizableArray.foreach(ResizableArray.scala:62)

	at scala.collection.mutable.ResizableArray.foreach$(ResizableArray.scala:55)

	at scala.collection.mutable.ArrayBuffer.foreach(ArrayBuffer.scala:49)

	at org.apache.spark.scheduler.DAGScheduler.abortStage(DAGScheduler.scala:2791)

	at org.apache.spark.scheduler.DAGScheduler.$anonfun$handleTaskSetFailed$1(DAGScheduler.scala:1247)

	at org.apache.spark.scheduler.DAGScheduler.$anonfun$handleTaskSetFailed$1$adapted(DAGScheduler.scala:1247)

	at scala.Option.foreach(Option.scala:407)

	at org.apache.spark.scheduler.DAGScheduler.handleTaskSetFailed(DAGScheduler.scala:1247)

	at org.apache.spark.scheduler.DAGSchedulerEventProcessLoop.doOnReceive(DAGScheduler.scala:3060)

	at org.apache.spark.scheduler.DAGSchedulerEventProcessLoop.onReceive(DAGScheduler.scala:2994)

	at org.apache.spark.scheduler.DAGSchedulerEventProcessLoop.onReceive(DAGScheduler.scala:2983)

	at org.apache.spark.util.EventLoop$$anon$1.run(EventLoop.scala:49)

	at org.apache.spark.scheduler.DAGScheduler.runJob(DAGScheduler.scala:989)

	at org.apache.spark.SparkContext.runJob(SparkContext.scala:2398)

	at org.apache.spark.SparkContext.runJob(SparkContext.scala:2493)

	at org.apache.spark.rdd.RDD.$anonfun$reduce$1(RDD.scala:1139)

	at org.apache.spark.rdd.RDDOperationScope$.withScope(RDDOperationScope.scala:151)

	at org.apache.spark.rdd.RDDOperationScope$.withScope(RDDOperationScope.scala:112)

	at org.apache.spark.rdd.RDD.withScope(RDD.scala:410)

	at org.apache.spark.rdd.RDD.reduce(RDD.scala:1121)

	at org.apache.spark.rdd.RDD.$anonfun$takeOrdered$1(RDD.scala:1568)

	at org.apache.spark.rdd.RDDOperationScope$.withScope(RDDOperationScope.scala:151)

	at org.apache.spark.rdd.RDDOperationScope$.withScope(RDDOperationScope.scala:112)

	at org.apache.spark.rdd.RDD.withScope(RDD.scala:410)

	at org.apache.spark.rdd.RDD.takeOrdered(RDD.scala:1555)

	at org.apache.spark.sql.execution.TakeOrderedAndProjectExec.$anonfun$executeCollect$1(limit.scala:291)

	at org.apache.spark.sql.execution.SparkPlan.$anonfun$executeQuery$1(SparkPlan.scala:246)

	at org.apache.spark.rdd.RDDOperationScope$.withScope(RDDOperationScope.scala:151)

	at org.apache.spark.sql.execution.SparkPlan.executeQuery(SparkPlan.scala:243)

	at org.apache.spark.sql.execution.TakeOrderedAndProjectExec.executeCollect(limit.scala:285)

	at org.apache.spark.sql.Dataset.collectFromPlan(Dataset.scala:4332)

	at org.apache.spark.sql.Dataset.$anonfun$head$1(Dataset.scala:3314)

	at org.apache.spark.sql.Dataset.$anonfun$withAction$2(Dataset.scala:4322)

	at org.apache.spark.sql.execution.QueryExecution$.withInternalError(QueryExecution.scala:546)

	at org.apache.spark.sql.Dataset.$anonfun$withAction$1(Dataset.scala:4320)

	at org.apache.spark.sql.execution.SQLExecution$.$anonfun$withNewExecutionId$6(SQLExecution.scala:125)

	at org.apache.spark.sql.execution.SQLExecution$.withSQLConfPropagated(SQLExecution.scala:201)

	at org.apache.spark.sql.execution.SQLExecution$.$anonfun$withNewExecutionId$1(SQLExecution.scala:108)

	at org.apache.spark.sql.SparkSession.withActive(SparkSession.scala:900)

	at org.apache.spark.sql.execution.SQLExecution$.withNewExecutionId(SQLExecution.scala:66)

	at org.apache.spark.sql.Dataset.withAction(Dataset.scala:4320)

	at org.apache.spark.sql.Dataset.head(Dataset.scala:3314)

	at org.apache.spark.sql.Dataset.take(Dataset.scala:3537)

	at org.apache.spark.sql.Dataset.getRows(Dataset.scala:280)

	at org.apache.spark.sql.Dataset.showString(Dataset.scala:315)

	at java.base/jdk.internal.reflect.NativeMethodAccessorImpl.invoke0(Native Method)

	at java.base/jdk.internal.reflect.NativeMethodAccessorImpl.invoke(NativeMethodAccessorImpl.java:77)

	at java.base/jdk.internal.reflect.DelegatingMethodAccessorImpl.invoke(DelegatingMethodAccessorImpl.java:43)

	at java.base/java.lang.reflect.Method.invoke(Method.java:568)

	at py4j.reflection.MethodInvoker.invoke(MethodInvoker.java:244)

	at py4j.reflection.ReflectionEngine.invoke(ReflectionEngine.java:374)

	at py4j.Gateway.invoke(Gateway.java:282)

	at py4j.commands.AbstractCommand.invokeMethod(AbstractCommand.java:132)

	at py4j.commands.CallCommand.execute(CallCommand.java:79)

	at py4j.ClientServerConnection.waitForCommands(ClientServerConnection.java:182)

	at py4j.ClientServerConnection.run(ClientServerConnection.java:106)

	at java.base/java.lang.Thread.run(Thread.java:842)

Caused by: org.apache.spark.SparkException: Python worker exited unexpectedly (crashed)

	at org.apache.spark.api.python.BasePythonRunner$ReaderIterator$$anonfun$1.applyOrElse(PythonRunner.scala:612)

	at org.apache.spark.api.python.BasePythonRunner$ReaderIterator$$anonfun$1.applyOrElse(PythonRunner.scala:594)

	at scala.runtime.AbstractPartialFunction.apply(AbstractPartialFunction.scala:38)

	at org.apache.spark.api.python.PythonRunner$$anon$3.read(PythonRunner.scala:789)

	at org.apache.spark.api.python.PythonRunner$$anon$3.read(PythonRunner.scala:766)

	at org.apache.spark.api.python.BasePythonRunner$ReaderIterator.hasNext(PythonRunner.scala:525)

	at org.apache.spark.InterruptibleIterator.hasNext(InterruptibleIterator.scala:37)

	at scala.collection.Iterator$$anon$11.hasNext(Iterator.scala:491)

	at scala.collection.Iterator$$anon$10.hasNext(Iterator.scala:460)

	at scala.collection.Iterator$$anon$10.hasNext(Iterator.scala:460)

	at org.apache.spark.sql.catalyst.expressions.GeneratedClass$GeneratedIteratorForCodegenStage1.processNext(Unknown Source)

	at org.apache.spark.sql.execution.BufferedRowIterator.hasNext(BufferedRowIterator.java:43)

	at org.apache.spark.sql.execution.WholeStageCodegenEvaluatorFactory$WholeStageCodegenPartitionEvaluator$$anon$1.hasNext(WholeStageCodegenEvaluatorFactory.scala:43)

	at scala.collection.Iterator$$anon$10.hasNext(Iterator.scala:460)

	at scala.collection.Iterator.isEmpty(Iterator.scala:387)

	at scala.collection.Iterator.isEmpty$(Iterator.scala:387)

	at scala.collection.AbstractIterator.isEmpty(Iterator.scala:1431)

	at scala.collection.TraversableOnce.nonEmpty(TraversableOnce.scala:143)

	at scala.collection.TraversableOnce.nonEmpty$(TraversableOnce.scala:143)

	at scala.collection.AbstractIterator.nonEmpty(Iterator.scala:1431)

	at org.apache.spark.rdd.RDD.$anonfun$takeOrdered$2(RDD.scala:1559)

	at org.apache.spark.rdd.RDD.$anonfun$takeOrdered$2$adapted(RDD.scala:1558)

	at org.apache.spark.rdd.RDD.$anonfun$mapPartitionsWithIndex$2(RDD.scala:910)

	at org.apache.spark.rdd.RDD.$anonfun$mapPartitionsWithIndex$2$adapted(RDD.scala:910)

	at org.apache.spark.rdd.MapPartitionsRDD.compute(MapPartitionsRDD.scala:52)

	at org.apache.spark.rdd.RDD.computeOrReadCheckpoint(RDD.scala:367)

	at org.apache.spark.rdd.RDD.iterator(RDD.scala:331)

	at org.apache.spark.scheduler.ResultTask.runTask(ResultTask.scala:93)

	at org.apache.spark.TaskContext.runTaskWithListeners(TaskContext.scala:166)

	at org.apache.spark.scheduler.Task.run(Task.scala:141)

	at org.apache.spark.executor.Executor$TaskRunner.$anonfun$run$4(Executor.scala:620)

	at org.apache.spark.util.SparkErrorUtils.tryWithSafeFinally(SparkErrorUtils.scala:64)

	at org.apache.spark.util.SparkErrorUtils.tryWithSafeFinally$(SparkErrorUtils.scala:61)

	at org.apache.spark.util.Utils$.tryWithSafeFinally(Utils.scala:94)

	at org.apache.spark.executor.Executor$TaskRunner.run(Executor.scala:623)

	at java.base/java.util.concurrent.ThreadPoolExecutor.runWorker(ThreadPoolExecutor.java:1136)

	at java.base/java.util.concurrent.ThreadPoolExecutor$Worker.run(ThreadPoolExecutor.java:635)

	... 1 more

Caused by: java.io.EOFException

	at java.base/java.io.DataInputStream.readInt(DataInputStream.java:398)

	at org.apache.spark.api.python.PythonRunner$$anon$3.read(PythonRunner.scala:774)

	... 34 more


26/03/25 23:11:27 WARN SparkEnv: Exception while deleting Spark temp dir: C:\Users\um200\AppData\Local\Temp\spark-fd1eb83d-addf-42cf-b046-2812d903a214\userFiles-3b1e876f-2b18-45f9-b501-01dc47283cfc
java.io.IOException: Failed to delete: C:\Users\um200\AppData\Local\Temp\spark-fd1eb83d-addf-42cf-b046-2812d903a214\userFiles-3b1e876f-2b18-45f9-b501-01dc47283cfc\org.slf4j_slf4j-api-1.7.16.jar
	at org.apache.spark.network.util.JavaUtils.deleteRecursivelyUsingJavaIO(JavaUtils.java:146)
	at org.apache.spark.network.util.JavaUtils.deleteRecursively(JavaUtils.java:117)
	at org.apache.spark.network.util.JavaUtils.deleteRecursivelyUsingJavaIO(JavaUtils.java:129)
	at org.apache.spark.network.util.JavaUtils.deleteRecursively(JavaUtils.java:117)
	at org.apache.spark.network.util.JavaUtils.deleteRecursively(JavaUtils.java:90)
	at org.apache.spark.util.SparkFileUtils.deleteRecursively(SparkFileUtils.scala:121)
	at org.apache.spark.util.SparkFileUtils.deleteRecursively$(SparkFileUtils.scala:120)
	at org.apache.spark.util.Utils$.deleteRecursively(Utils.scala:1126)
	at org.apache.spark.SparkEnv.stop(SparkEnv.scala:108)
	at org.apache.spark.SparkContext.$anonfun$stop$25(SparkContext.scala:2310)
	at org.apache.spark.util.Utils$.tryLogNonFatalError(Utils.scala:1375)
	at org.apache.spark.SparkContext.stop(SparkContext.scala:2310)
	at org.apache.spark.SparkContext.stop(SparkContext.scala:2216)
	at org.apache.spark.SparkContext.$anonfun$new$34(SparkContext.scala:686)
	at org.apache.spark.util.SparkShutdownHook.run(ShutdownHookManager.scala:214)
	at org.apache.spark.util.SparkShutdownHookManager.$anonfun$runAll$2(ShutdownHookManager.scala:188)
	at scala.runtime.java8.JFunction0$mcV$sp.apply(JFunction0$mcV$sp.java:23)
	at org.apache.spark.util.Utils$.logUncaughtExceptions(Utils.scala:1928)
	at org.apache.spark.util.SparkShutdownHookManager.$anonfun$runAll$1(ShutdownHookManager.scala:188)
	at scala.runtime.java8.JFunction0$mcV$sp.apply(JFunction0$mcV$sp.java:23)
	at scala.util.Try$.apply(Try.scala:213)
	at org.apache.spark.util.SparkShutdownHookManager.runAll(ShutdownHookManager.scala:188)
	at org.apache.spark.util.SparkShutdownHookManager$$anon$2.run(ShutdownHookManager.scala:178)
	at java.base/java.util.concurrent.Executors$RunnableAdapter.call(Executors.java:539)
	at java.base/java.util.concurrent.FutureTask.run(FutureTask.java:264)
	at java.base/java.util.concurrent.ThreadPoolExecutor.runWorker(ThreadPoolExecutor.java:1136)
	at java.base/java.util.concurrent.ThreadPoolExecutor$Worker.run(ThreadPoolExecutor.java:635)
	at java.base/java.lang.Thread.run(Thread.java:842)
26/03/25 23:11:27 ERROR ShutdownHookManager: Exception while deleting Spark temp dir: C:\Users\um200\AppData\Local\Temp\spark-fd1eb83d-addf-42cf-b046-2812d903a214
java.io.IOException: Failed to delete: C:\Users\um200\AppData\Local\Temp\spark-fd1eb83d-addf-42cf-b046-2812d903a214\userFiles-3b1e876f-2b18-45f9-b501-01dc47283cfc\org.slf4j_slf4j-api-1.7.16.jar
	at org.apache.spark.network.util.JavaUtils.deleteRecursivelyUsingJavaIO(JavaUtils.java:146)
	at org.apache.spark.network.util.JavaUtils.deleteRecursively(JavaUtils.java:117)
	at org.apache.spark.network.util.JavaUtils.deleteRecursivelyUsingJavaIO(JavaUtils.java:129)
	at org.apache.spark.network.util.JavaUtils.deleteRecursively(JavaUtils.java:117)
	at org.apache.spark.network.util.JavaUtils.deleteRecursivelyUsingJavaIO(JavaUtils.java:129)
	at org.apache.spark.network.util.JavaUtils.deleteRecursively(JavaUtils.java:117)
	at org.apache.spark.network.util.JavaUtils.deleteRecursively(JavaUtils.java:90)
	at org.apache.spark.util.SparkFileUtils.deleteRecursively(SparkFileUtils.scala:121)
	at org.apache.spark.util.SparkFileUtils.deleteRecursively$(SparkFileUtils.scala:120)
	at org.apache.spark.util.Utils$.deleteRecursively(Utils.scala:1126)
	at org.apache.spark.util.ShutdownHookManager$.$anonfun$new$4(ShutdownHookManager.scala:65)
	at org.apache.spark.util.ShutdownHookManager$.$anonfun$new$4$adapted(ShutdownHookManager.scala:62)
	at scala.collection.IndexedSeqOptimized.foreach(IndexedSeqOptimized.scala:36)
	at scala.collection.IndexedSeqOptimized.foreach$(IndexedSeqOptimized.scala:33)
	at scala.collection.mutable.ArrayOps$ofRef.foreach(ArrayOps.scala:198)
	at org.apache.spark.util.ShutdownHookManager$.$anonfun$new$2(ShutdownHookManager.scala:62)
	at org.apache.spark.util.SparkShutdownHook.run(ShutdownHookManager.scala:214)
	at org.apache.spark.util.SparkShutdownHookManager.$anonfun$runAll$2(ShutdownHookManager.scala:188)
	at scala.runtime.java8.JFunction0$mcV$sp.apply(JFunction0$mcV$sp.java:23)
	at org.apache.spark.util.Utils$.logUncaughtExceptions(Utils.scala:1928)
	at org.apache.spark.util.SparkShutdownHookManager.$anonfun$runAll$1(ShutdownHookManager.scala:188)
	at scala.runtime.java8.JFunction0$mcV$sp.apply(JFunction0$mcV$sp.java:23)
	at scala.util.Try$.apply(Try.scala:213)
	at org.apache.spark.util.SparkShutdownHookManager.runAll(ShutdownHookManager.scala:188)
	at org.apache.spark.util.SparkShutdownHookManager$$anon$2.run(ShutdownHookManager.scala:178)
	at java.base/java.util.concurrent.Executors$RunnableAdapter.call(Executors.java:539)
	at java.base/java.util.concurrent.FutureTask.run(FutureTask.java:264)
	at java.base/java.util.concurrent.ThreadPoolExecutor.runWorker(ThreadPoolExecutor.java:1136)
	at java.base/java.util.concurrent.ThreadPoolExecutor$Worker.run(ThreadPoolExecutor.java:635)
	at java.base/java.lang.Thread.run(Thread.java:842)
26/03/25 23:11:27 ERROR ShutdownHookManager: Exception while deleting Spark temp dir: C:\Users\um200\AppData\Local\Temp\spark-fd1eb83d-addf-42cf-b046-2812d903a214\pyspark-75e576f8-4f40-4078-ba90-b4f75de4d2c0
java.nio.file.NoSuchFileException: C:\Users\um200\AppData\Local\Temp\spark-fd1eb83d-addf-42cf-b046-2812d903a214\pyspark-75e576f8-4f40-4078-ba90-b4f75de4d2c0
	at java.base/sun.nio.fs.WindowsException.translateToIOException(WindowsException.java:85)
	at java.base/sun.nio.fs.WindowsException.rethrowAsIOException(WindowsException.java:103)
	at java.base/sun.nio.fs.WindowsException.rethrowAsIOException(WindowsException.java:108)
	at java.base/sun.nio.fs.WindowsFileAttributeViews$Basic.readAttributes(WindowsFileAttributeViews.java:53)
	at java.base/sun.nio.fs.WindowsFileAttributeViews$Basic.readAttributes(WindowsFileAttributeViews.java:38)
	at java.base/sun.nio.fs.WindowsFileSystemProvider.readAttributes(WindowsFileSystemProvider.java:199)
	at java.base/java.nio.file.Files.readAttributes(Files.java:1851)
	at org.apache.spark.network.util.JavaUtils.deleteRecursivelyUsingJavaIO(JavaUtils.java:124)
	at org.apache.spark.network.util.JavaUtils.deleteRecursively(JavaUtils.java:117)
	at org.apache.spark.network.util.JavaUtils.deleteRecursively(JavaUtils.java:90)
	at org.apache.spark.util.SparkFileUtils.deleteRecursively(SparkFileUtils.scala:121)
	at org.apache.spark.util.SparkFileUtils.deleteRecursively$(SparkFileUtils.scala:120)
	at org.apache.spark.util.Utils$.deleteRecursively(Utils.scala:1126)
	at org.apache.spark.util.ShutdownHookManager$.$anonfun$new$4(ShutdownHookManager.scala:65)
	at org.apache.spark.util.ShutdownHookManager$.$anonfun$new$4$adapted(ShutdownHookManager.scala:62)
	at scala.collection.IndexedSeqOptimized.foreach(IndexedSeqOptimized.scala:36)
	at scala.collection.IndexedSeqOptimized.foreach$(IndexedSeqOptimized.scala:33)
	at scala.collection.mutable.ArrayOps$ofRef.foreach(ArrayOps.scala:198)
	at org.apache.spark.util.ShutdownHookManager$.$anonfun$new$2(ShutdownHookManager.scala:62)
	at org.apache.spark.util.SparkShutdownHook.run(ShutdownHookManager.scala:214)
	at org.apache.spark.util.SparkShutdownHookManager.$anonfun$runAll$2(ShutdownHookManager.scala:188)
	at scala.runtime.java8.JFunction0$mcV$sp.apply(JFunction0$mcV$sp.java:23)
	at org.apache.spark.util.Utils$.logUncaughtExceptions(Utils.scala:1928)
	at org.apache.spark.util.SparkShutdownHookManager.$anonfun$runAll$1(ShutdownHookManager.scala:188)
	at scala.runtime.java8.JFunction0$mcV$sp.apply(JFunction0$mcV$sp.java:23)
	at scala.util.Try$.apply(Try.scala:213)
	at org.apache.spark.util.SparkShutdownHookManager.runAll(ShutdownHookManager.scala:188)
	at org.apache.spark.util.SparkShutdownHookManager$$anon$2.run(ShutdownHookManager.scala:178)
	at java.base/java.util.concurrent.Executors$RunnableAdapter.call(Executors.java:539)
	at java.base/java.util.concurrent.FutureTask.run(FutureTask.java:264)
	at java.base/java.util.concurrent.ThreadPoolExecutor.runWorker(ThreadPoolExecutor.java:1136)
	at java.base/java.util.concurrent.ThreadPoolExecutor$Worker.run(ThreadPoolExecutor.java:635)
	at java.base/java.lang.Thread.run(Thread.java:842)
26/03/25 23:11:27 ERROR ShutdownHookManager: Exception while deleting Spark temp dir: C:\Users\um200\AppData\Local\Temp\spark-fd1eb83d-addf-42cf-b046-2812d903a214\userFiles-3b1e876f-2b18-45f9-b501-01dc47283cfc
java.io.IOException: Failed to delete: C:\Users\um200\AppData\Local\Temp\spark-fd1eb83d-addf-42cf-b046-2812d903a214\userFiles-3b1e876f-2b18-45f9-b501-01dc47283cfc\org.slf4j_slf4j-api-1.7.16.jar
	at org.apache.spark.network.util.JavaUtils.deleteRecursivelyUsingJavaIO(JavaUtils.java:146)
	at org.apache.spark.network.util.JavaUtils.deleteRecursively(JavaUtils.java:117)
	at org.apache.spark.network.util.JavaUtils.deleteRecursivelyUsingJavaIO(JavaUtils.java:129)
	at org.apache.spark.network.util.JavaUtils.deleteRecursively(JavaUtils.java:117)
	at org.apache.spark.network.util.JavaUtils.deleteRecursively(JavaUtils.java:90)
	at org.apache.spark.util.SparkFileUtils.deleteRecursively(SparkFileUtils.scala:121)
	at org.apache.spark.util.SparkFileUtils.deleteRecursively$(SparkFileUtils.scala:120)
	at org.apache.spark.util.Utils$.deleteRecursively(Utils.scala:1126)
	at org.apache.spark.util.ShutdownHookManager$.$anonfun$new$4(ShutdownHookManager.scala:65)
	at org.apache.spark.util.ShutdownHookManager$.$anonfun$new$4$adapted(ShutdownHookManager.scala:62)
	at scala.collection.IndexedSeqOptimized.foreach(IndexedSeqOptimized.scala:36)
	at scala.collection.IndexedSeqOptimized.foreach$(IndexedSeqOptimized.scala:33)
	at scala.collection.mutable.ArrayOps$ofRef.foreach(ArrayOps.scala:198)
	at org.apache.spark.util.ShutdownHookManager$.$anonfun$new$2(ShutdownHookManager.scala:62)
	at org.apache.spark.util.SparkShutdownHook.run(ShutdownHookManager.scala:214)
	at org.apache.spark.util.SparkShutdownHookManager.$anonfun$runAll$2(ShutdownHookManager.scala:188)
	at scala.runtime.java8.JFunction0$mcV$sp.apply(JFunction0$mcV$sp.java:23)
	at org.apache.spark.util.Utils$.logUncaughtExceptions(Utils.scala:1928)
	at org.apache.spark.util.SparkShutdownHookManager.$anonfun$runAll$1(ShutdownHookManager.scala:188)
	at scala.runtime.java8.JFunction0$mcV$sp.apply(JFunction0$mcV$sp.java:23)
	at scala.util.Try$.apply(Try.scala:213)
	at org.apache.spark.util.SparkShutdownHookManager.runAll(ShutdownHookManager.scala:188)
	at org.apache.spark.util.SparkShutdownHookManager$$anon$2.run(ShutdownHookManager.scala:178)
	at java.base/java.util.concurrent.Executors$RunnableAdapter.call(Executors.java:539)
	at java.base/java.util.concurrent.FutureTask.run(FutureTask.java:264)
	at java.base/java.util.concurrent.ThreadPoolExecutor.runWorker(ThreadPoolExecutor.java:1136)
	at java.base/java.util.concurrent.ThreadPoolExecutor$Worker.run(ThreadPoolExecutor.java:635)
	at java.base/java.lang.Thread.run(Thread.java:842)
